<?xml version="1.0" encoding="UTF-8"?>
<testng-results ignored="0" total="1" passed="1" failed="0" skipped="0">
  <reporter-output>
  </reporter-output>
  <suite started-at="2023-06-23T16:02:14 IST" name="Default suite" finished-at="2023-06-23T16:02:23 IST" duration-ms="8131">
    <groups>
    </groups>
    <test started-at="2023-06-23T16:02:14 IST" name="Default test" finished-at="2023-06-23T16:02:23 IST" duration-ms="8131">
      <class name="TestNgPgms.sample_dropdwn">
        <test-method is-config="true" signature="setup()[pri:0, instance:TestNgPgms.sample_dropdwn@6574a52c]" started-at="2023-06-23T16:02:14 IST" name="setup" finished-at="2023-06-23T16:02:19 IST" duration-ms="4723" status="PASS">
          <reporter-output>
          </reporter-output>
        </test-method> <!-- setup -->
        <test-method signature="testing()[pri:0, instance:TestNgPgms.sample_dropdwn@6574a52c]" started-at="2023-06-23T16:02:19 IST" name="testing" finished-at="2023-06-23T16:02:23 IST" duration-ms="3375" status="PASS">
          <reporter-output>
          </reporter-output>
        </test-method> <!-- testing -->
      </class> <!-- TestNgPgms.sample_dropdwn -->
    </test> <!-- Default test -->
  </suite> <!-- Default suite -->
</testng-results>
